This file contains any messages produced by compilers while
running configure, to aid debugging if configure makes a mistake.

It was created by configure, which was
generated by GNU Autoconf 2.65.  Invocation command line was

  $ ./configure 

## --------- ##
## Platform. ##
## --------- ##

hostname = ubuntu-desktop
uname -m = x86_64
uname -r = 2.6.32-24-generic
uname -s = Linux
uname -v = #39-Ubuntu SMP Wed Jul 28 05:14:15 UTC 2010

/usr/bin/uname -p = unknown
/bin/uname -X     = unknown

/bin/arch              = unknown
/usr/bin/arch -k       = unknown
/usr/convex/getsysinfo = unknown
/usr/bin/hostinfo      = unknown
/bin/machine           = unknown
/usr/bin/oslevel       = unknown
/bin/universe          = unknown

PATH: /usr/local/sbin
PATH: /usr/local/bin
PATH: /usr/sbin
PATH: /usr/bin
PATH: /sbin
PATH: /bin
PATH: /usr/games


## ----------- ##
## Core tests. ##
## ----------- ##

configure:2133: checking for a BSD-compatible install
configure:2201: result: /usr/bin/install -c
configure:2212: checking whether build environment is sane
configure:2262: result: yes
configure:2403: checking for a thread-safe mkdir -p
configure:2442: result: /bin/mkdir -p
configure:2455: checking for gawk
configure:2471: found /usr/bin/gawk
configure:2482: result: gawk
configure:2493: checking whether make sets $(MAKE)
configure:2515: result: yes
configure:2596: checking whether to enable maintainer-specific portions of Makefiles
configure:2605: result: no
configure:2631: checking for style of include used by make
configure:2659: result: GNU
configure:2729: checking for gcc
configure:2745: found /usr/bin/gcc
configure:2756: result: gcc
configure:2985: checking for C compiler version
configure:2994: gcc --version >&5
gcc (Ubuntu 4.4.3-4ubuntu5) 4.4.3
Copyright (C) 2009 Free Software Foundation, Inc.
This is free software; see the source for copying conditions.  There is NO
warranty; not even for MERCHANTABILITY or FITNESS FOR A PARTICULAR PURPOSE.

configure:3005: $? = 0
configure:2994: gcc -v >&5
Using built-in specs.
Target: x86_64-linux-gnu
Configured with: ../src/configure -v --with-pkgversion='Ubuntu 4.4.3-4ubuntu5' --with-bugurl=file:///usr/share/doc/gcc-4.4/README.Bugs --enable-languages=c,c++,fortran,objc,obj-c++ --prefix=/usr --enable-shared --enable-multiarch --enable-linker-build-id --with-system-zlib --libexecdir=/usr/lib --without-included-gettext --enable-threads=posix --with-gxx-include-dir=/usr/include/c++/4.4 --program-suffix=-4.4 --enable-nls --enable-clocale=gnu --enable-libstdcxx-debug --enable-plugin --enable-objc-gc --disable-werror --with-arch-32=i486 --with-tune=generic --enable-checking=release --build=x86_64-linux-gnu --host=x86_64-linux-gnu --target=x86_64-linux-gnu
Thread model: posix
gcc version 4.4.3 (Ubuntu 4.4.3-4ubuntu5) 
configure:3005: $? = 0
configure:2994: gcc -V >&5
gcc: '-V' option must have argument
configure:3005: $? = 1
configure:2994: gcc -qversion >&5
gcc: unrecognized option '-qversion'
gcc: no input files
configure:3005: $? = 1
configure:3025: checking whether the C compiler works
configure:3047: gcc    conftest.c  >&5
configure:3051: $? = 0
configure:3100: result: yes
configure:3103: checking for C compiler default output file name
configure:3105: result: a.out
configure:3111: checking for suffix of executables
configure:3118: gcc -o conftest    conftest.c  >&5
configure:3122: $? = 0
configure:3144: result: 
configure:3166: checking whether we are cross compiling
configure:3174: gcc -o conftest    conftest.c  >&5
configure:3178: $? = 0
configure:3185: ./conftest
configure:3189: $? = 0
configure:3204: result: no
configure:3209: checking for suffix of object files
configure:3231: gcc -c   conftest.c >&5
configure:3235: $? = 0
configure:3256: result: o
configure:3260: checking whether we are using the GNU C compiler
configure:3279: gcc -c   conftest.c >&5
configure:3279: $? = 0
configure:3288: result: yes
configure:3297: checking whether gcc accepts -g
configure:3317: gcc -c -g  conftest.c >&5
configure:3317: $? = 0
configure:3358: result: yes
configure:3375: checking for gcc option to accept ISO C89
configure:3439: gcc  -c -g -O2  conftest.c >&5
configure:3439: $? = 0
configure:3452: result: none needed
configure:3474: checking dependency style of gcc
configure:3584: result: none
configure:3604: checking for supported compiler flags
configure:3621: gcc -c -g -O2 -Wall  conftest.c >&5
configure:3621: $? = 0
configure:3621: gcc -c -g -O2 -Werror  conftest.c >&5
configure:3621: $? = 0
configure:3635: result:  -Wall -Werror
configure:3692: checking for gcc
configure:3719: result: gcc
configure:3948: checking for C compiler version
configure:3957: gcc --version >&5
gcc (Ubuntu 4.4.3-4ubuntu5) 4.4.3
Copyright (C) 2009 Free Software Foundation, Inc.
This is free software; see the source for copying conditions.  There is NO
warranty; not even for MERCHANTABILITY or FITNESS FOR A PARTICULAR PURPOSE.

configure:3968: $? = 0
configure:3957: gcc -v >&5
Using built-in specs.
Target: x86_64-linux-gnu
Configured with: ../src/configure -v --with-pkgversion='Ubuntu 4.4.3-4ubuntu5' --with-bugurl=file:///usr/share/doc/gcc-4.4/README.Bugs --enable-languages=c,c++,fortran,objc,obj-c++ --prefix=/usr --enable-shared --enable-multiarch --enable-linker-build-id --with-system-zlib --libexecdir=/usr/lib --without-included-gettext --enable-threads=posix --with-gxx-include-dir=/usr/include/c++/4.4 --program-suffix=-4.4 --enable-nls --enable-clocale=gnu --enable-libstdcxx-debug --enable-plugin --enable-objc-gc --disable-werror --with-arch-32=i486 --with-tune=generic --enable-checking=release --build=x86_64-linux-gnu --host=x86_64-linux-gnu --target=x86_64-linux-gnu
Thread model: posix
gcc version 4.4.3 (Ubuntu 4.4.3-4ubuntu5) 
configure:3968: $? = 0
configure:3957: gcc -V >&5
gcc: '-V' option must have argument
configure:3968: $? = 1
configure:3957: gcc -qversion >&5
gcc: unrecognized option '-qversion'
gcc: no input files
configure:3968: $? = 1
configure:3972: checking whether we are using the GNU C compiler
configure:4000: result: yes
configure:4009: checking whether gcc accepts -g
configure:4070: result: yes
configure:4087: checking for gcc option to accept ISO C89
configure:4164: result: none needed
configure:4186: checking dependency style of gcc
configure:4296: result: none
configure:4336: checking if compiler supports -R
configure:4355: gcc -o conftest -g -O2  -Wall -Werror   conftest.c -R /usr/lib  >&5
gcc: unrecognized option '-R'
/usr/bin/ld: /usr/lib: No such file: File format not recognized
collect2: ld returned 1 exit status
configure:4355: $? = 1
configure: failed program was:
| /* confdefs.h */
| #define PACKAGE_NAME ""
| #define PACKAGE_TARNAME ""
| #define PACKAGE_VERSION ""
| #define PACKAGE_STRING ""
| #define PACKAGE_BUGREPORT ""
| #define PACKAGE_URL ""
| #define PACKAGE "beanstalkd"
| #define VERSION "1.4.6-WW3"
| /* end confdefs.h.  */
| 
| int
| main ()
| {
| 
|   ;
|   return 0;
| }
configure:4365: result: no
configure:4370: checking if compiler supports -Wl,-rpath,
configure:4389: gcc -o conftest -g -O2  -Wall -Werror   conftest.c -Wl,-rpath,/usr/lib  >&5
configure:4389: $? = 0
configure:4399: result: yes
configure:4424: checking libevent install prefix
configure:4447: result: /usr
configure:4455: checking for posix_fallocate
configure:4455: gcc -o conftest -g -O2  -Wall -Werror -I/usr/include   -L/usr/lib conftest.c  -levent >&5
configure:4455: $? = 0
configure:4455: result: yes
configure:4464: checking for fdatasync
configure:4485: gcc -c -g -O2  -Wall -Werror -I/usr/include  conftest.c >&5
configure:4485: $? = 0
configure:4493: result: yes
configure:4501: checking for bind in -lsocket
configure:4526: gcc -o conftest -g -O2  -Wall -Werror -I/usr/include   -L/usr/lib conftest.c -lsocket   -levent >&5
/usr/bin/ld: cannot find -lsocket
collect2: ld returned 1 exit status
configure:4526: $? = 1
configure: failed program was:
| /* confdefs.h */
| #define PACKAGE_NAME ""
| #define PACKAGE_TARNAME ""
| #define PACKAGE_VERSION ""
| #define PACKAGE_STRING ""
| #define PACKAGE_BUGREPORT ""
| #define PACKAGE_URL ""
| #define PACKAGE "beanstalkd"
| #define VERSION "1.4.6-WW3"
| #define HAVE_POSIX_FALLOCATE 1
| #define HAVE_FDATASYNC 1
| /* end confdefs.h.  */
| 
| /* Override any GCC internal prototype to avoid an error.
|    Use char because int might match the return type of a GCC
|    builtin and then its argument prototype would still apply.  */
| #ifdef __cplusplus
| extern "C"
| #endif
| char bind ();
| int
| main ()
| {
| return bind ();
|   ;
|   return 0;
| }
configure:4535: result: no
configure:4544: checking for inet_aton in -lnsl
configure:4569: gcc -o conftest -g -O2  -Wall -Werror -I/usr/include   -L/usr/lib conftest.c -lnsl   -levent >&5
configure:4569: $? = 0
configure:4578: result: yes
configure:4591: checking for event_get_version in -levent
configure:4616: gcc -o conftest -g -O2  -Wall -Werror -I/usr/include   -L/usr/lib -Wl,-rpath,/usr/lib conftest.c -levent   -levent -lnsl >&5
configure:4616: $? = 0
configure:4625: result: yes
configure:4641: checking for event_reinit in -levent
configure:4666: gcc -o conftest -g -O2  -Wall -Werror -I/usr/include   -L/usr/lib -Wl,-rpath,/usr/lib conftest.c -levent  -levent  -levent -lnsl >&5
configure:4666: $? = 0
configure:4675: result: yes
configure:4742: checking how to run the C preprocessor
configure:4773: gcc -E  conftest.c
configure:4773: $? = 0
configure:4787: gcc -E  conftest.c
conftest.c:15:28: error: ac_nonexistent.h: No such file or directory
configure:4787: $? = 1
configure: failed program was:
| /* confdefs.h */
| #define PACKAGE_NAME ""
| #define PACKAGE_TARNAME ""
| #define PACKAGE_VERSION ""
| #define PACKAGE_STRING ""
| #define PACKAGE_BUGREPORT ""
| #define PACKAGE_URL ""
| #define PACKAGE "beanstalkd"
| #define VERSION "1.4.6-WW3"
| #define HAVE_POSIX_FALLOCATE 1
| #define HAVE_FDATASYNC 1
| #define HAVE_LIBEVENT 1
| #define HAVE_LIBEVENT 1
| /* end confdefs.h.  */
| #include <ac_nonexistent.h>
configure:4812: result: gcc -E
configure:4832: gcc -E  conftest.c
configure:4832: $? = 0
configure:4846: gcc -E  conftest.c
conftest.c:15:28: error: ac_nonexistent.h: No such file or directory
configure:4846: $? = 1
configure: failed program was:
| /* confdefs.h */
| #define PACKAGE_NAME ""
| #define PACKAGE_TARNAME ""
| #define PACKAGE_VERSION ""
| #define PACKAGE_STRING ""
| #define PACKAGE_BUGREPORT ""
| #define PACKAGE_URL ""
| #define PACKAGE "beanstalkd"
| #define VERSION "1.4.6-WW3"
| #define HAVE_POSIX_FALLOCATE 1
| #define HAVE_FDATASYNC 1
| #define HAVE_LIBEVENT 1
| #define HAVE_LIBEVENT 1
| /* end confdefs.h.  */
| #include <ac_nonexistent.h>
configure:4875: checking for grep that handles long lines and -e
configure:4933: result: /bin/grep
configure:4938: checking for egrep
configure:5000: result: /bin/grep -E
configure:5005: checking for ANSI C header files
configure:5025: gcc -c -g -O2  -Wall -Werror -I/usr/include  conftest.c >&5
configure:5025: $? = 0
configure:5098: gcc -o conftest -g -O2  -Wall -Werror -I/usr/include   -L/usr/lib -Wl,-rpath,/usr/lib conftest.c -levent -levent  -levent -lnsl >&5
configure:5098: $? = 0
configure:5098: ./conftest
configure:5098: $? = 0
configure:5109: result: yes
configure:5122: checking for sys/types.h
configure:5122: gcc -c -g -O2  -Wall -Werror -I/usr/include  conftest.c >&5
configure:5122: $? = 0
configure:5122: result: yes
configure:5122: checking for sys/stat.h
configure:5122: gcc -c -g -O2  -Wall -Werror -I/usr/include  conftest.c >&5
configure:5122: $? = 0
configure:5122: result: yes
configure:5122: checking for stdlib.h
configure:5122: gcc -c -g -O2  -Wall -Werror -I/usr/include  conftest.c >&5
configure:5122: $? = 0
configure:5122: result: yes
configure:5122: checking for string.h
configure:5122: gcc -c -g -O2  -Wall -Werror -I/usr/include  conftest.c >&5
configure:5122: $? = 0
configure:5122: result: yes
configure:5122: checking for memory.h
configure:5122: gcc -c -g -O2  -Wall -Werror -I/usr/include  conftest.c >&5
configure:5122: $? = 0
configure:5122: result: yes
configure:5122: checking for strings.h
configure:5122: gcc -c -g -O2  -Wall -Werror -I/usr/include  conftest.c >&5
configure:5122: $? = 0
configure:5122: result: yes
configure:5122: checking for inttypes.h
configure:5122: gcc -c -g -O2  -Wall -Werror -I/usr/include  conftest.c >&5
configure:5122: $? = 0
configure:5122: result: yes
configure:5122: checking for stdint.h
configure:5122: gcc -c -g -O2  -Wall -Werror -I/usr/include  conftest.c >&5
configure:5122: $? = 0
configure:5122: result: yes
configure:5122: checking for unistd.h
configure:5122: gcc -c -g -O2  -Wall -Werror -I/usr/include  conftest.c >&5
configure:5122: $? = 0
configure:5122: result: yes
configure:5135: checking for uint16_t
configure:5135: gcc -c -g -O2  -Wall -Werror -I/usr/include  conftest.c >&5
configure:5135: $? = 0
configure:5135: result: yes
configure:5278: creating ./config.status

## ---------------------- ##
## Running config.status. ##
## ---------------------- ##

This file was extended by config.status, which was
generated by GNU Autoconf 2.65.  Invocation command line was

  CONFIG_FILES    = 
  CONFIG_HEADERS  = 
  CONFIG_LINKS    = 
  CONFIG_COMMANDS = 
  $ ./config.status 

on ubuntu-desktop

config.status:858: creating Makefile
config.status:858: creating config.h
config.status:1030: config.h is unchanged
config.status:1078: executing depfiles commands

## ---------------- ##
## Cache variables. ##
## ---------------- ##

ac_cv_c_compiler_gnu=yes
ac_cv_c_uint16_t=yes
ac_cv_env_CC_set=
ac_cv_env_CC_value=
ac_cv_env_CFLAGS_set=
ac_cv_env_CFLAGS_value=
ac_cv_env_CPPFLAGS_set=
ac_cv_env_CPPFLAGS_value=
ac_cv_env_CPP_set=
ac_cv_env_CPP_value=
ac_cv_env_LDFLAGS_set=
ac_cv_env_LDFLAGS_value=
ac_cv_env_LIBS_set=
ac_cv_env_LIBS_value=
ac_cv_env_build_alias_set=
ac_cv_env_build_alias_value=
ac_cv_env_host_alias_set=
ac_cv_env_host_alias_value=
ac_cv_env_target_alias_set=
ac_cv_env_target_alias_value=
ac_cv_func_fdatasync=yes
ac_cv_func_posix_fallocate=yes
ac_cv_header_inttypes_h=yes
ac_cv_header_memory_h=yes
ac_cv_header_stdc=yes
ac_cv_header_stdint_h=yes
ac_cv_header_stdlib_h=yes
ac_cv_header_string_h=yes
ac_cv_header_strings_h=yes
ac_cv_header_sys_stat_h=yes
ac_cv_header_sys_types_h=yes
ac_cv_header_unistd_h=yes
ac_cv_lib_event_event_get_version=yes
ac_cv_lib_event_event_reinit=yes
ac_cv_lib_nsl_inet_aton=yes
ac_cv_lib_socket_bind=no
ac_cv_objext=o
ac_cv_path_EGREP='/bin/grep -E'
ac_cv_path_GREP=/bin/grep
ac_cv_path_install='/usr/bin/install -c'
ac_cv_path_mkdir=/bin/mkdir
ac_cv_prog_AWK=gawk
ac_cv_prog_CPP='gcc -E'
ac_cv_prog_ac_ct_CC=gcc
ac_cv_prog_cc_c89=
ac_cv_prog_cc_g=yes
ac_cv_prog_make_make_set=yes
am_cv_CC_dependencies_compiler_type=none
bt_cv_cc_dashr=no
bt_cv_cc_rpath=yes

## ----------------- ##
## Output variables. ##
## ----------------- ##

ACLOCAL='${SHELL} /home/likewise-open/STICKYEYES/wade.womersley/beanstalkd/missing --run aclocal-1.11'
AMDEPBACKSLASH='\'
AMDEP_FALSE='#'
AMDEP_TRUE=''
AMTAR='${SHELL} /home/likewise-open/STICKYEYES/wade.womersley/beanstalkd/missing --run tar'
AUTOCONF='${SHELL} /home/likewise-open/STICKYEYES/wade.womersley/beanstalkd/missing --run autoconf'
AUTOHEADER='${SHELL} /home/likewise-open/STICKYEYES/wade.womersley/beanstalkd/missing --run autoheader'
AUTOMAKE='${SHELL} /home/likewise-open/STICKYEYES/wade.womersley/beanstalkd/missing --run automake-1.11'
AWK='gawk'
CC='gcc'
CCDEPMODE='depmode=none'
CFLAGS='-g -O2  -Wall -Werror -I/usr/include'
CPP='gcc -E'
CPPFLAGS=''
CYGPATH_W='echo'
DEFS='-DHAVE_CONFIG_H'
DEPDIR='.deps'
ECHO_C=''
ECHO_N='-n'
ECHO_T=''
EGREP='/bin/grep -E'
EXEEXT=''
GREP='/bin/grep'
INSTALL_DATA='${INSTALL} -m 644'
INSTALL_PROGRAM='${INSTALL}'
INSTALL_SCRIPT='${INSTALL}'
INSTALL_STRIP_FLAG='-s'
INSTALL_STRIP_PROGRAM='$(install_sh) -c -s'
LDFLAGS=' -L/usr/lib -Wl,-rpath,/usr/lib'
LIBOBJS=''
LIBS='-levent -levent  -levent -lnsl'
LTLIBOBJS=''
MAINT='#'
MAINTAINER_MODE_FALSE=''
MAINTAINER_MODE_TRUE='#'
MAKEINFO='${SHELL} /home/likewise-open/STICKYEYES/wade.womersley/beanstalkd/missing --run makeinfo'
MKDIR_P='/bin/mkdir -p'
OBJEXT='o'
PACKAGE='beanstalkd'
PACKAGE_BUGREPORT=''
PACKAGE_NAME=''
PACKAGE_STRING=''
PACKAGE_TARNAME=''
PACKAGE_URL=''
PACKAGE_VERSION=''
PATH_SEPARATOR=':'
SET_MAKE=''
SHELL='/bin/bash'
STRIP=''
VERSION='1.4.6-WW3'
ac_ct_CC='gcc'
am__EXEEXT_FALSE=''
am__EXEEXT_TRUE='#'
am__fastdepCC_FALSE=''
am__fastdepCC_TRUE='#'
am__include='include'
am__isrc=''
am__leading_dot='.'
am__quote=''
am__tar='${AMTAR} chof - "$$tardir"'
am__untar='${AMTAR} xf -'
bindir='${exec_prefix}/bin'
build_alias=''
datadir='${datarootdir}'
datarootdir='${prefix}/share'
docdir='${datarootdir}/doc/${PACKAGE}'
dvidir='${docdir}'
exec_prefix='${prefix}'
host_alias=''
htmldir='${docdir}'
includedir='${prefix}/include'
infodir='${datarootdir}/info'
install_sh='${SHELL} /home/likewise-open/STICKYEYES/wade.womersley/beanstalkd/install-sh'
libdir='${exec_prefix}/lib'
libexecdir='${exec_prefix}/libexec'
localedir='${datarootdir}/locale'
localstatedir='${prefix}/var'
mandir='${datarootdir}/man'
mkdir_p='/bin/mkdir -p'
oldincludedir='/usr/include'
pdfdir='${docdir}'
prefix='/usr/local'
program_transform_name='s,x,x,'
psdir='${docdir}'
sbindir='${exec_prefix}/sbin'
sharedstatedir='${prefix}/com'
sysconfdir='${prefix}/etc'
target_alias=''

## ----------- ##
## confdefs.h. ##
## ----------- ##

/* confdefs.h */
#define PACKAGE_NAME ""
#define PACKAGE_TARNAME ""
#define PACKAGE_VERSION ""
#define PACKAGE_STRING ""
#define PACKAGE_BUGREPORT ""
#define PACKAGE_URL ""
#define PACKAGE "beanstalkd"
#define VERSION "1.4.6-WW3"
#define HAVE_POSIX_FALLOCATE 1
#define HAVE_FDATASYNC 1
#define HAVE_LIBEVENT 1
#define HAVE_LIBEVENT 1
#define STDC_HEADERS 1
#define HAVE_SYS_TYPES_H 1
#define HAVE_SYS_STAT_H 1
#define HAVE_STDLIB_H 1
#define HAVE_STRING_H 1
#define HAVE_MEMORY_H 1
#define HAVE_STRINGS_H 1
#define HAVE_INTTYPES_H 1
#define HAVE_STDINT_H 1
#define HAVE_UNISTD_H 1

configure: exit 0

## ---------------------- ##
## Running config.status. ##
## ---------------------- ##

This file was extended by config.status, which was
generated by GNU Autoconf 2.65.  Invocation command line was

  CONFIG_FILES    = 
  CONFIG_HEADERS  = 
  CONFIG_LINKS    = 
  CONFIG_COMMANDS = 
  $ ./config.status config.h

on chimera

config.status:858: creating config.h
config.status:1028: error: could not create config.h

## ---------------------- ##
## Running config.status. ##
## ---------------------- ##

This file was extended by config.status, which was
generated by GNU Autoconf 2.65.  Invocation command line was

  CONFIG_FILES    = 
  CONFIG_HEADERS  = 
  CONFIG_LINKS    = 
  CONFIG_COMMANDS = 
  $ ./config.status config.h

on chimera

config.status:858: creating config.h
config.status:1030: config.h is unchanged
